<?xml version="1.0" encoding="UTF-8"?>
<!-- Generated by org.testng.reporters.JUnitReportReporter -->
<testsuite skipped="4" hostname="sss-ПК" name="by.htp.BookingTest" tests="5" failures="0" timestamp="25 дек 2017 10:42:21 GMT" time="22.167" errors="0">
  <testcase name="checkEmptySearchLink" time="22.167" classname="by.htp.BookingTest"/>
  <testcase name="checkWorktrip" classname="by.htp.BookingTest">
    <skipped/>
  </testcase> <!-- checkWorktrip -->
  <testcase name="checkDepartureAutomaticallySet" classname="by.htp.BookingTest">
    <skipped/>
  </testcase> <!-- checkDepartureAutomaticallySet -->
  <testcase name="checkDefaultPresets" classname="by.htp.BookingTest">
    <skipped/>
  </testcase> <!-- checkDefaultPresets -->
  <testcase name="positiveBookingSearch" classname="by.htp.BookingTest">
    <skipped/>
  </testcase> <!-- positiveBookingSearch -->
</testsuite> <!-- by.htp.BookingTest -->
