<?xml version="1.0" encoding="UTF-8"?>
<!-- Generated by org.testng.reporters.JUnitReportReporter -->
<testsuite skipped="0" hostname="sss-ПК" name="by.htp.BookingTest" tests="1" failures="0" timestamp="20 дек 2017 20:33:21 GMT" time="94.394" errors="0">
  <testcase name="positiveBookingSearch" time="94.394" classname="by.htp.BookingTest"/>
</testsuite> <!-- by.htp.BookingTest -->
